<?xml version="1.0" encoding="UTF-8"?>
<!-- Generated by org.testng.reporters.JUnitReportReporter -->
<testsuite hostname="LAPTOP-APF9I65P" failures="0" tests="1" name="testcases.TestNgscript1" time="0.006" errors="0" timestamp="2022-11-04T23:29:53 IST" skipped="0">
  <testcase classname="testcases.TestNgscript1" name="firsttest" time="0.006"/>
  <system-out/>
</testsuite> <!-- testcases.TestNgscript1 -->
