<?xml version="1.0" encoding="UTF-8"?>
<!-- Generated by org.testng.reporters.JUnitReportReporter -->
<testsuite hostname="LAPTOP-APF9I65P" failures="0" tests="10" name="APIAutomationtestRest.RestAssured.BasicAPI" time="5.477" errors="0" timestamp="2022-11-28T22:50:47 IST" skipped="9">
  <testcase classname="APIAutomationtestRest.RestAssured.BasicAPI" name="Jasonpathtest" time="5.477"/>
  <system-out/>
  <testcase classname="APIAutomationtestRest.RestAssured.BasicAPI" name="GET">
    <skipped/>
  </testcase> <!-- GET -->
  <system-out/>
  <testcase classname="APIAutomationtestRest.RestAssured.BasicAPI" name="Delete">
    <skipped/>
  </testcase> <!-- Delete -->
  <system-out/>
  <testcase classname="APIAutomationtestRest.RestAssured.BasicAPI" name="POSTwithjsonfile">
    <skipped/>
  </testcase> <!-- POSTwithjsonfile -->
  <system-out/>
  <testcase classname="APIAutomationtestRest.RestAssured.BasicAPI" name="PATCH">
    <skipped/>
  </testcase> <!-- PATCH -->
  <system-out/>
  <testcase classname="APIAutomationtestRest.RestAssured.BasicAPI" name="PATCHUsingDataProvider">
    <skipped/>
  </testcase> <!-- PATCHUsingDataProvider -->
  <system-out/>
  <testcase classname="APIAutomationtestRest.RestAssured.BasicAPI" name="POSTPOJOCheck">
    <skipped/>
  </testcase> <!-- POSTPOJOCheck -->
  <system-out/>
  <testcase classname="APIAutomationtestRest.RestAssured.BasicAPI" name="PUT">
    <skipped/>
  </testcase> <!-- PUT -->
  <system-out/>
  <testcase classname="APIAutomationtestRest.RestAssured.BasicAPI" name="POSTwithHashMap">
    <skipped/>
  </testcase> <!-- POSTwithHashMap -->
  <system-out/>
  <testcase classname="APIAutomationtestRest.RestAssured.BasicAPI" name="POST">
    <skipped/>
  </testcase> <!-- POST -->
  <system-out/>
</testsuite> <!-- APIAutomationtestRest.RestAssured.BasicAPI -->
