<?xml version="1.0" encoding="UTF-8"?>
<!-- Generated by org.testng.reporters.JUnitReportReporter -->
<testsuite hostname="LAPTOP-APF9I65P" failures="0" tests="1" name="APIAutomationtest.Restpractise.BasicAPItest" time="3.469" errors="0" timestamp="2022-11-25T13:10:08 IST" skipped="0">
  <testcase classname="APIAutomationtest.Restpractise.BasicAPItest" name="Posttest" time="3.469"/>
  <system-out/>
</testsuite> <!-- APIAutomationtest.Restpractise.BasicAPItest -->
